<?xml version="1.0" encoding="UTF-8"?>
<!-- Generated by org.testng.reporters.JUnitReportReporter -->
<testsuite hostname="NatsenetDell" failures="0" tests="4" name="api.test.UserTest2" time="11.272" errors="0" timestamp="2023-08-19T11:32:51 IDT" skipped="0">
  <testcase classname="api.test.UserTest2" name="tsetPostUser" time="7.094"/>
  <system-out/>
  <testcase classname="api.test.UserTest2" name="tsetGetUser" time="1.080"/>
  <system-out/>
  <testcase classname="api.test.UserTest2" name="tsetUpdateUser" time="2.070"/>
  <system-out/>
  <testcase classname="api.test.UserTest2" name="tsetDeleteUser" time="1.028"/>
  <system-out/>
</testsuite> <!-- api.test.UserTest2 -->
