<?xml version="1.0" encoding="UTF-8"?>
<!-- Generated by org.testng.reporters.JUnitReportReporter -->
<testsuite hostname="NatsenetDell" failures="0" tests="6" name="api.test.DDTests" time="13.080" errors="0" timestamp="2023-08-18T14:50:17 IDT" skipped="0">
  <testcase classname="api.test.DDTests" name="testPostuser" time="7.509"/>
  <system-out/>
  <testcase classname="api.test.DDTests" name="testPostuser" time="1.239"/>
  <system-out/>
  <testcase classname="api.test.DDTests" name="testPostuser" time="1.099"/>
  <system-out/>
  <testcase classname="api.test.DDTests" name="testDeleteuserByname" time="1.074"/>
  <system-out/>
  <testcase classname="api.test.DDTests" name="testDeleteuserByname" time="1.016"/>
  <system-out/>
  <testcase classname="api.test.DDTests" name="testDeleteuserByname" time="1.143"/>
  <system-out/>
</testsuite> <!-- api.test.DDTests -->
