<?xml version="1.0" encoding="UTF-8"?>
<!-- Generated by org.testng.reporters.JUnitReportReporter -->
<testsuite hostname="NatsenetDell" failures="0" tests="4" name="api.test.UserTest" time="9.378" errors="0" timestamp="2023-08-19T10:56:48 IDT" skipped="0">
  <testcase classname="api.test.UserTest" name="tsetPostUser" time="5.365"/>
  <system-out/>
  <testcase classname="api.test.UserTest" name="tsetGetUser" time="1.030"/>
  <system-out/>
  <testcase classname="api.test.UserTest" name="tsetUpdateUser" time="2.024"/>
  <system-out/>
  <testcase classname="api.test.UserTest" name="tsetDeleteUser" time="0.959"/>
  <system-out/>
</testsuite> <!-- api.test.UserTest -->
