<?xml version="1.0" encoding="UTF-8"?>
<!-- Generated by org.testng.reporters.JUnitReportReporter -->
<testsuite hostname="NatsenetDell" failures="0" tests="4" name="api.test.UserTest2" time="9.083" errors="0" timestamp="2023-08-20T14:28:20 IDT" skipped="0">
  <testcase classname="api.test.UserTest2" name="tsetPostUser" time="4.790"/>
  <system-out/>
  <testcase classname="api.test.UserTest2" name="tsetGetUser" time="1.101"/>
  <system-out/>
  <testcase classname="api.test.UserTest2" name="tsetUpdateUser" time="2.113"/>
  <system-out/>
  <testcase classname="api.test.UserTest2" name="tsetDeleteUser" time="1.079"/>
  <system-out/>
</testsuite> <!-- api.test.UserTest2 -->
